
   INFO  Server running on [http://127.0.0.1:8000].

  Press Ctrl+C to stop the server

  2026-04-04 14:39:55 /login ........................................... ~ 1s
  2026-04-04 14:39:56 /_debugbar/assets ............................ ~ 0.06ms
  2026-04-04 14:39:56 /_debugbar/assets ............................ ~ 0.05ms
  2026-04-04 14:41:39 /login ....................................... ~ 0.21ms
  2026-04-04 14:41:39 /build/assets/app-UsXIAcBZ.css ............... ~ 0.08ms
  2026-04-04 14:41:39 /build/assets/app-UXZaZ-V8.js ................ ~ 0.09ms
  2026-04-04 14:41:39 /build/assets/Login-z9yZUx0l.js .............. ~ 0.63ms
  2026-04-04 14:41:39 /build/assets/TextLink.vue_vue_type_script_setup_true_lang-BoChEyRu.js  ~ 1.05ms
  2026-04-04 14:41:39 /build/assets/useForwardPropsEmits-CFc_Sc0j.js  ~ 1.14ms
  2026-04-04 14:41:39 /build/assets/RovingFocusGroup-C5NnzQRO.js ... ~ 1.24ms
  2026-04-04 14:41:39 /build/assets/AppLogoIcon.vue_vue_type_script_setup_true_lang-fnlVQrBe.js  ~ 1.45ms
  2026-04-04 14:41:40 /_debugbar/assets ............................ ~ 0.07ms
  2026-04-04 14:41:40 /build/assets/useForwardExpose-Dcrz7nMz.js ... ~ 1.10ms
  2026-04-04 14:41:40 /build/assets/index-DJypd7YJ.js .............. ~ 1.27ms
  2026-04-04 14:41:40 /build/assets/check-Dzpe8uJB.js .............. ~ 1.67ms
  2026-04-04 14:41:40 /build/assets/Input.vue_vue_type_script_setup_true_lang-D-90lJul.js  ~ 1.11ms
  2026-04-04 14:41:40 /build/assets/Label.vue_vue_type_script_setup_true_lang-WdlUxEhG.js  ~ 1.19ms
  2026-04-04 14:41:40 /build/assets/Spinner.vue_vue_type_script_setup_true_lang-CopYCnxo.js  ~ 0.09ms
  2026-04-04 14:41:40 /build/assets/AuthLayout.vue_vue_type_script_setup_true_lang-D9IouK0W.js  ~ 0.18ms
  2026-04-04 14:41:40 /build/assets/index-BF2xpU5r.js .............. ~ 0.30ms
  2026-04-04 14:41:40 /build/assets/index-EE4Z6Moi.js .............. ~ 0.77ms
  2026-04-04 14:41:40 /build/assets/createLucideIcon-BySw-2pe.js ... ~ 1.19ms
  2026-04-04 14:41:40 /build/assets/index-DLg2BXik.js .............. ~ 1.34ms
  2026-04-04 14:41:40 /_debugbar/assets ............................ ~ 1.58ms
  2026-04-04 14:43:10 /login ..................................... ~ 503.36ms
  2026-04-04 14:43:10 /build/assets/app-UsXIAcBZ.css ............... ~ 0.06ms
  2026-04-04 14:43:10 /build/assets/Login-z9yZUx0l.js .............. ~ 0.10ms
  2026-04-04 14:43:10 /build/assets/TextLink.vue_vue_type_script_setup_true_lang-BoChEyRu.js  ~ 0.56ms
  2026-04-04 14:43:10 /build/assets/app-UXZaZ-V8.js ................ ~ 0.70ms
  2026-04-04 14:43:10 /build/assets/useForwardPropsEmits-CFc_Sc0j.js  ~ 1.31ms
  2026-04-04 14:43:10 /build/assets/RovingFocusGroup-C5NnzQRO.js ... ~ 1.42ms
  2026-04-04 14:43:10 /build/assets/AppLogoIcon.vue_vue_type_script_setup_true_lang-fnlVQrBe.js  ~ 1.66ms
  2026-04-04 14:43:10 /_debugbar/assets ............................ ~ 0.06ms
  2026-04-04 14:43:10 /build/assets/useForwardExpose-Dcrz7nMz.js ... ~ 1.09ms
  2026-04-04 14:43:10 /build/assets/index-DJypd7YJ.js .............. ~ 1.25ms
  2026-04-04 14:43:10 /build/assets/check-Dzpe8uJB.js .............. ~ 0.66ms
  2026-04-04 14:43:10 /build/assets/Input.vue_vue_type_script_setup_true_lang-D-90lJul.js  ~ 1.12ms
  2026-04-04 14:43:10 /build/assets/Label.vue_vue_type_script_setup_true_lang-WdlUxEhG.js  ~ 1.24ms
  2026-04-04 14:43:10 /build/assets/Spinner.vue_vue_type_script_setup_true_lang-CopYCnxo.js  ~ 0.12ms
  2026-04-04 14:43:10 /build/assets/AuthLayout.vue_vue_type_script_setup_true_lang-D9IouK0W.js  ~ 0.22ms
  2026-04-04 14:43:10 /build/assets/index-BF2xpU5r.js .............. ~ 0.35ms
  2026-04-04 14:43:10 /build/assets/index-EE4Z6Moi.js .............. ~ 0.92ms
  2026-04-04 14:43:10 /build/assets/createLucideIcon-BySw-2pe.js ... ~ 1.41ms
  2026-04-04 14:43:10 /build/assets/index-DLg2BXik.js .............. ~ 1.55ms
  2026-04-04 14:43:10 /_debugbar/assets ............................ ~ 0.69ms
  2026-04-04 14:43:12 /login ....................................... ~ 0.19ms
  2026-04-04 14:43:12 /build/assets/app-UsXIAcBZ.css ............... ~ 0.06ms
  2026-04-04 14:43:12 /build/assets/app-UXZaZ-V8.js ................ ~ 0.07ms
  2026-04-04 14:43:12 /build/assets/Login-z9yZUx0l.js .............. ~ 0.73ms
  2026-04-04 14:43:12 /build/assets/TextLink.vue_vue_type_script_setup_true_lang-BoChEyRu.js  ~ 1.15ms
  2026-04-04 14:43:12 /build/assets/AppLogoIcon.vue_vue_type_script_setup_true_lang-fnlVQrBe.js  ~ 0.66ms
  2026-04-04 14:43:12 /build/assets/useForwardPropsEmits-CFc_Sc0j.js  ~ 0.80ms
  2026-04-04 14:43:12 /build/assets/RovingFocusGroup-C5NnzQRO.js ... ~ 0.87ms
  2026-04-04 14:43:12 /build/assets/useForwardExpose-Dcrz7nMz.js ... ~ 0.46ms
  2026-04-04 14:43:12 /build/assets/index-DJypd7YJ.js .............. ~ 0.61ms
  2026-04-04 14:43:12 /build/assets/check-Dzpe8uJB.js .............. ~ 0.09ms
  2026-04-04 14:43:12 /build/assets/Input.vue_vue_type_script_setup_true_lang-D-90lJul.js  ~ 0.56ms
  2026-04-04 14:43:12 /build/assets/Label.vue_vue_type_script_setup_true_lang-WdlUxEhG.js  ~ 0.65ms
  2026-04-04 14:43:12 /build/assets/Spinner.vue_vue_type_script_setup_true_lang-CopYCnxo.js  ~ 0.74ms
  2026-04-04 14:43:12 /build/assets/AuthLayout.vue_vue_type_script_setup_true_lang-D9IouK0W.js  ~ 0.82ms
  2026-04-04 14:43:12 /build/assets/index-BF2xpU5r.js .............. ~ 0.94ms
  2026-04-04 14:43:12 /build/assets/index-EE4Z6Moi.js .............. ~ 0.53ms
  2026-04-04 14:43:12 /build/assets/createLucideIcon-BySw-2pe.js ... ~ 1.01ms
  2026-04-04 14:43:12 /build/assets/index-DLg2BXik.js .............. ~ 1.22ms
  2026-04-04 14:45:19 /login ....................................... ~ 0.19ms
  2026-04-04 14:45:19 /build/assets/app-UsXIAcBZ.css ............... ~ 0.06ms
  2026-04-04 14:45:19 /build/assets/Login-z9yZUx0l.js .............. ~ 0.14ms
  2026-04-04 14:45:19 /build/assets/TextLink.vue_vue_type_script_setup_true_lang-BoChEyRu.js  ~ 0.53ms
  2026-04-04 14:45:19 /build/assets/app-UXZaZ-V8.js ................ ~ 0.69ms
  2026-04-04 14:45:19 /build/assets/AppLogoIcon.vue_vue_type_script_setup_true_lang-fnlVQrBe.js  ~ 1.15ms
  2026-04-04 14:45:19 /build/assets/useForwardPropsEmits-CFc_Sc0j.js  ~ 1.25ms
  2026-04-04 14:45:19 /build/assets/RovingFocusGroup-C5NnzQRO.js ... ~ 1.35ms
  2026-04-04 14:45:19 /_debugbar/assets ............................ ~ 0.07ms
  2026-04-04 14:45:19 /build/assets/useForwardExpose-Dcrz7nMz.js ... ~ 1.02ms
  2026-04-04 14:45:19 /build/assets/index-DJypd7YJ.js .............. ~ 1.17ms
  2026-04-04 14:45:19 /build/assets/check-Dzpe8uJB.js .............. ~ 0.79ms
  2026-04-04 14:45:19 /build/assets/Input.vue_vue_type_script_setup_true_lang-D-90lJul.js  ~ 1.21ms
  2026-04-04 14:45:19 /build/assets/Label.vue_vue_type_script_setup_true_lang-WdlUxEhG.js  ~ 1.30ms
  2026-04-04 14:45:19 /build/assets/Spinner.vue_vue_type_script_setup_true_lang-CopYCnxo.js  ~ 1.45ms
  2026-04-04 14:45:19 /build/assets/AuthLayout.vue_vue_type_script_setup_true_lang-D9IouK0W.js  ~ 0.25ms
  2026-04-04 14:45:19 /build/assets/index-BF2xpU5r.js .............. ~ 0.35ms
  2026-04-04 14:45:19 /build/assets/index-EE4Z6Moi.js .............. ~ 0.79ms
  2026-04-04 14:45:19 /build/assets/createLucideIcon-BySw-2pe.js ... ~ 1.25ms
  2026-04-04 14:45:19 /build/assets/index-DLg2BXik.js .............. ~ 1.40ms
  2026-04-04 14:45:19 /_debugbar/assets ............................ ~ 1.65ms
  2026-04-04 14:46:50 /login ....................................... ~ 0.26ms
  2026-04-04 14:46:50 /build/assets/app-UsXIAcBZ.css ............... ~ 0.31ms
  2026-04-04 14:46:50 /build/assets/Login-z9yZUx0l.js .............. ~ 0.10ms
  2026-04-04 14:46:50 /build/assets/TextLink.vue_vue_type_script_setup_true_lang-BoChEyRu.js  ~ 0.61ms
  2026-04-04 14:46:50 /build/assets/useForwardPropsEmits-CFc_Sc0j.js  ~ 0.71ms
  2026-04-04 14:46:51 /build/assets/RovingFocusGroup-C5NnzQRO.js ... ~ 0.80ms
  2026-04-04 14:46:50 /build/assets/app-UXZaZ-V8.js ................ ~ 1.77ms
  2026-04-04 14:46:50 /build/assets/AppLogoIcon.vue_vue_type_script_setup_true_lang-fnlVQrBe.js  ~ 1.52ms
  2026-04-04 14:46:51 /_debugbar/assets .......................... ~ 500.60ms
  2026-04-04 14:46:51 /build/assets/useForwardExpose-Dcrz7nMz.js . ~ 501.69ms
  2026-04-04 14:46:51 /build/assets/index-DJypd7YJ.js ............ ~ 501.82ms
  2026-04-04 14:46:51 /build/assets/check-Dzpe8uJB.js .............. ~ 0.64ms
  2026-04-04 14:46:51 /build/assets/Input.vue_vue_type_script_setup_true_lang-D-90lJul.js  ~ 1.09ms
  2026-04-04 14:46:51 /build/assets/Label.vue_vue_type_script_setup_true_lang-WdlUxEhG.js  ~ 1.17ms
  2026-04-04 14:46:51 /build/assets/Spinner.vue_vue_type_script_setup_true_lang-CopYCnxo.js  ~ 0.10ms
  2026-04-04 14:46:51 /build/assets/AuthLayout.vue_vue_type_script_setup_true_lang-D9IouK0W.js  ~ 0.19ms
  2026-04-04 14:46:51 /build/assets/index-BF2xpU5r.js .............. ~ 0.27ms
  2026-04-04 14:46:51 /build/assets/index-EE4Z6Moi.js .............. ~ 0.72ms
  2026-04-04 14:46:51 /build/assets/createLucideIcon-BySw-2pe.js ... ~ 1.16ms
  2026-04-04 14:46:51 /build/assets/index-DLg2BXik.js .............. ~ 1.30ms
  2026-04-04 14:46:51 /_debugbar/assets ............................ ~ 0.65ms
