
> @ dev /app
> vite

11:48:43 PM [vite] (client) info: Types generated for actions, routes, form variants
  Plugin: @laravel/vite-plugin-wayfinder

  VITE v7.3.1  ready in 2780 ms

  ➜  Local:   http://localhost:5173/
  ➜  Network: use --host to expose
  ➜  Vue DevTools: Open http://localhost:5173/__devtools__/ as a separate window
  ➜  Vue DevTools: Press Alt(⌥)+Shift(⇧)+D in App to toggle the Vue DevTools

  LARAVEL v12.52.0  plugin v2.1.0

  ➜  APP_URL: undefined
11:51:47 PM [vite] .env changed, restarting server...
11:51:47 PM [vite] .env changed, restarting server...
11:51:49 PM [vite] (client) info: Types generated for actions, routes, form variants
  Plugin: @laravel/vite-plugin-wayfinder
file:///app/node_modules/.pnpm/laravel-vite-plugin@2.1.0_vite@7.3.1_@types+node@22.19.15_jiti@2.6.1_lightningcss@1.32.0_/node_modules/laravel-vite-plugin/dist/index.js:285
  return address.family === "IPv6" || address.family === 6;
                 ^

TypeError: Cannot read properties of null (reading 'family')
    at isIpv6 (file:///app/node_modules/.pnpm/laravel-vite-plugin@2.1.0_vite@7.3.1_@types+node@22.19.15_jiti@2.6.1_lightningcss@1.32.0_/node_modules/laravel-vite-plugin/dist/index.js:285:18)
    at resolveDevServerUrl (file:///app/node_modules/.pnpm/laravel-vite-plugin@2.1.0_vite@7.3.1_@types+node@22.19.15_jiti@2.6.1_lightningcss@1.32.0_/node_modules/laravel-vite-plugin/dist/index.js:278:25)
    at Server.<anonymous> (file:///app/node_modules/.pnpm/laravel-vite-plugin@2.1.0_vite@7.3.1_@types+node@22.19.15_jiti@2.6.1_lightningcss@1.32.0_/node_modules/laravel-vite-plugin/dist/index.js:114:85)
    at Object.onceWrapper (node:events:633:28)
    at Server.emit (node:events:531:35)
    at emitListeningNT (node:net:1983:10)
    at process.processTicksAndRejections (node:internal/process/task_queues:88:21)

Node.js v22.22.1
 ELIFECYCLE  Command failed with exit code 1.
